[debug] [2023-10-12T21:14:45.967Z] ----------------------------------------------------------------------
[debug] [2023-10-12T21:14:45.969Z] Command:       /usr/local/bin/firebase /Users/andychang/.cache/firebase/tools/lib/node_modules/firebase-tools/lib/bin/firebase init hosting
[debug] [2023-10-12T21:14:45.970Z] CLI Version:   12.7.0
[debug] [2023-10-12T21:14:45.970Z] Platform:      darwin
[debug] [2023-10-12T21:14:45.970Z] Node Version:  v16.16.0
[debug] [2023-10-12T21:14:45.972Z] Time:          Thu Oct 12 2023 17:14:45 GMT-0400 (Eastern Daylight Time)
[debug] [2023-10-12T21:14:45.972Z] ----------------------------------------------------------------------
[debug] 
[debug] [2023-10-12T21:14:45.983Z] > command requires scopes: ["email","openid","https://www.googleapis.com/auth/cloudplatformprojects.readonly","https://www.googleapis.com/auth/firebase","https://www.googleapis.com/auth/cloud-platform"]
[debug] [2023-10-12T21:14:45.985Z] > authorizing via signed-in user (yuanchanga@gmail.com)
[info] 
     ######## #### ########  ######## ########     ###     ######  ########
     ##        ##  ##     ## ##       ##     ##  ##   ##  ##       ##
     ######    ##  ########  ######   ########  #########  ######  ######
     ##        ##  ##    ##  ##       ##     ## ##     ##       ## ##
     ##       #### ##     ## ######## ########  ##     ##  ######  ########

You're about to initialize a Firebase project in this directory:

  /Users/andychang/Desktop/Github/personal_site_2023

[info] 
=== Project Setup
[info] 
[info] First, let's associate this project directory with a Firebase project.
[info] You can create multiple project aliases by running firebase use --add, 
[info] but for now we'll just set up a default project.
[info] 
[debug] [2023-10-12T21:14:49.419Z] >>> [apiv2][query] GET https://firebase.googleapis.com/v1beta1/projects pageSize=100
[debug] [2023-10-12T21:14:49.979Z] <<< [apiv2][status] GET https://firebase.googleapis.com/v1beta1/projects 200
[debug] [2023-10-12T21:14:49.981Z] <<< [apiv2][body] GET https://firebase.googleapis.com/v1beta1/projects [omitted]
[info] i  Using project andy-chang-site (andy-chang-site) 
[info] 
=== Hosting Setup
[info] 
[info] Your public directory is the folder (relative to your project directory) that
[info] will contain Hosting assets to be uploaded with firebase deploy. If you
[info] have a build process for your assets, use your build's output directory.
[info] 
[info] ✔  Wrote public/404.html 
[debug] [2023-10-12T21:15:13.827Z] >>> [apiv2][query] GET https://www.gstatic.com/firebasejs/releases.json [none]
[debug] [2023-10-12T21:15:13.909Z] <<< [apiv2][status] GET https://www.gstatic.com/firebasejs/releases.json 200
[debug] [2023-10-12T21:15:13.909Z] <<< [apiv2][body] GET https://www.gstatic.com/firebasejs/releases.json {"current":{"version":"10.5.0","browserURL":"https://www.gstatic.com/firebasejs/10.5.0/firebase.js","packageURL":"https://www.gstatic.com/firebasejs/10.5.0/firebase.tgz"},"live":{"version":"10.5","browserURL":"https://www.gstatic.com/firebasejs/live/10.5/firebase.js","packageURL":"https://www.gstatic.com/firebasejs/live/10.5/firebase.tgz"},"components":{"analytics":"https://www.gstatic.com/firebasejs/10.5.0/firebase-analytics.js","app":"https://www.gstatic.com/firebasejs/10.5.0/firebase-app.js","app-check":"https://www.gstatic.com/firebasejs/10.5.0/firebase-app-check.js","auth":"https://www.gstatic.com/firebasejs/10.5.0/firebase-auth.js","auth/cordova":"https://www.gstatic.com/firebasejs/10.5.0/firebase-auth/cordova.js","functions":"https://www.gstatic.com/firebasejs/10.5.0/firebase-functions.js","firestore":"https://www.gstatic.com/firebasejs/10.5.0/firebase-firestore.js","firestore/lite":"https://www.gstatic.com/firebasejs/10.5.0/firebase-firestore/lite.js","installations":"https://www.gstatic.com/firebasejs/10.5.0/firebase-installations.js","storage":"https://www.gstatic.com/firebasejs/10.5.0/firebase-storage.js","performance":"https://www.gstatic.com/firebasejs/10.5.0/firebase-performance.js","remote-config":"https://www.gstatic.com/firebasejs/10.5.0/firebase-remote-config.js","messaging":"https://www.gstatic.com/firebasejs/10.5.0/firebase-messaging.js","messaging/sw":"https://www.gstatic.com/firebasejs/10.5.0/firebase-messaging/sw.js","database":"https://www.gstatic.com/firebasejs/10.5.0/firebase-database.js","firestore.memory":"https://www.gstatic.com/firebasejs/10.5.0/firebase-firestore.memory.js"}}
[info] ✔  Wrote public/index.html 
[info] 
[info] i  Detected a .git folder at /Users/andychang/Desktop/Github/personal_site_2023 
[info] i  Authorizing with GitHub to upload your service account to a GitHub repository's secrets store. 
[info] 
[info] Visit this URL on this device to log in:
[info] https://github.com/login/oauth/authorize?client_id=89cf50f02ac6aaed3484&state=1050834121&redirect_uri=http%3A%2F%2Flocalhost%3A9005&scope=read%3Auser%20repo%20public_repo
[info] 
[info] Waiting for authentication...
[debug] [2023-10-12T21:15:56.034Z] >>> [apiv2][query] POST https://github.com/login/oauth/access_token [none]
[debug] [2023-10-12T21:15:56.035Z] >>> [apiv2][body] POST https://github.com/login/oauth/access_token [stream]
[debug] [2023-10-12T21:15:56.216Z] <<< [apiv2][status] POST https://github.com/login/oauth/access_token 200
[debug] [2023-10-12T21:15:56.218Z] <<< [apiv2][body] POST https://github.com/login/oauth/access_token {"access_token":"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","token_type":"bearer","scope":"read:user,repo"}
[debug] [2023-10-12T21:15:56.232Z] >>> [apiv2][query] GET https://api.github.com/user [none]
[debug] [2023-10-12T21:15:56.417Z] <<< [apiv2][status] GET https://api.github.com/user 200
[debug] [2023-10-12T21:15:56.418Z] <<< [apiv2][body] GET https://api.github.com/user {"login":"andychang-1","id":22758979,"node_id":"MDQ6VXNlcjIyNzU4OTc5","avatar_url":"https://avatars.githubusercontent.com/u/22758979?v=4","gravatar_id":"","url":"https://api.github.com/users/andychang-1","html_url":"https://github.com/andychang-1","followers_url":"https://api.github.com/users/andychang-1/followers","following_url":"https://api.github.com/users/andychang-1/following{/other_user}","gists_url":"https://api.github.com/users/andychang-1/gists{/gist_id}","starred_url":"https://api.github.com/users/andychang-1/starred{/owner}{/repo}","subscriptions_url":"https://api.github.com/users/andychang-1/subscriptions","organizations_url":"https://api.github.com/users/andychang-1/orgs","repos_url":"https://api.github.com/users/andychang-1/repos","events_url":"https://api.github.com/users/andychang-1/events{/privacy}","received_events_url":"https://api.github.com/users/andychang-1/received_events","type":"User","site_admin":false,"name":"Andy Chang","company":null,"blog":"","location":null,"email":null,"hireable":true,"bio":null,"twitter_username":null,"public_repos":4,"public_gists":5,"followers":4,"following":13,"created_at":"2016-10-11T01:48:05Z","updated_at":"2023-09-23T23:30:17Z","private_gists":0,"total_private_repos":68,"owned_private_repos":68,"disk_usage":1680203,"collaborators":10,"two_factor_authentication":true,"plan":{"name":"free","space":976562499,"collaborators":0,"private_repos":10000}}
[info] 
[info] ✔  Success! Logged into GitHub as andychang-1 
[info] 
[debug] [2023-10-12T21:16:29.651Z] >>> [apiv2][query] GET https://api.github.com/repos/user/personal_site_2023/actions/secrets/public-key type=owner
[debug] [2023-10-12T21:16:29.845Z] <<< [apiv2][status] GET https://api.github.com/repos/user/personal_site_2023/actions/secrets/public-key 404
[debug] [2023-10-12T21:16:29.846Z] <<< [apiv2][body] GET https://api.github.com/repos/user/personal_site_2023/actions/secrets/public-key {"message":"Not Found","documentation_url":"https://docs.github.com/rest/actions/secrets#get-a-repository-public-key"}
[info] 
[info] 
[error] ⚠  The provided authorization cannot be used with this repository. If this repository is in an organization, did you remember to grant access? 
[info] 
[info] i  Action required: Visit this URL to ensure access has been granted to the appropriate organization(s) for the Firebase CLI GitHub OAuth App: 
[info] https://github.com/settings/connections/applications/89cf50f02ac6aaed3484
[info] 
